<?xml version="1.0" encoding="UTF-8"?>
<!-- Generated by org.testng.reporters.JUnitReportReporter -->
<testsuite hostname="IN-PG02P5S6" failures="0" tests="1" name="Runner.Test_RunnerFile" time="18.156" errors="0" timestamp="01 Jun 2022 05:04:17 GMT" skipped="0">
  <testcase classname="Runner.Test_RunnerFile" name="feature" time="18.156"/>
</testsuite> <!-- Runner.Test_RunnerFile -->
